<?xml version="1.0" encoding="UTF-8"?>
<testng-results ignored="0" total="1" passed="1" failed="0" skipped="0">
  <reporter-output>
  </reporter-output>
  <suite started-at="2024-01-08T12:48:29 IST" name="Suite" finished-at="2024-01-08T12:48:47 IST" duration-ms="18419">
    <groups>
    </groups>
    <test started-at="2024-01-08T12:48:29 IST" name="Test" finished-at="2024-01-08T12:48:47 IST" duration-ms="18419">
      <class name="demo.DemoIntegration">
        <test-method signature="TestMethod()[pri:0, instance:demo.DemoIntegration@130161f7]" started-at="2024-01-08T12:48:29 IST" name="TestMethod" finished-at="2024-01-08T12:48:47 IST" duration-ms="18384" status="PASS">
          <reporter-output>
          </reporter-output>
        </test-method> <!-- TestMethod -->
      </class> <!-- demo.DemoIntegration -->
    </test> <!-- Test -->
  </suite> <!-- Suite -->
</testng-results>
