<?xml version="1.0" encoding="UTF-8"?>
<testng-results ignored="0" total="1" passed="1" failed="0" skipped="0">
  <reporter-output>
  </reporter-output>
  <suite started-at="2024-01-09T08:48:12 IST" name="Suite" finished-at="2024-01-09T08:48:24 IST" duration-ms="12188">
    <groups>
    </groups>
    <test started-at="2024-01-09T08:48:12 IST" name="Test" finished-at="2024-01-09T08:48:24 IST" duration-ms="12188">
      <class name="demo.DemoIntegration">
        <test-method signature="TestMethod()[pri:0, instance:demo.DemoIntegration@2c767a52]" started-at="2024-01-09T08:48:12 IST" name="TestMethod" finished-at="2024-01-09T08:48:24 IST" duration-ms="12135" status="PASS">
          <reporter-output>
          </reporter-output>
        </test-method> <!-- TestMethod -->
      </class> <!-- demo.DemoIntegration -->
    </test> <!-- Test -->
  </suite> <!-- Suite -->
</testng-results>
