<?xml version="1.0" encoding="UTF-8"?>
<testng-results ignored="0" total="1" passed="1" failed="0" skipped="0">
  <reporter-output>
  </reporter-output>
  <suite started-at="2024-01-08T12:22:31 IST" name="Default suite" finished-at="2024-01-08T12:22:48 IST" duration-ms="16869">
    <groups>
    </groups>
    <test started-at="2024-01-08T12:22:31 IST" name="Default test" finished-at="2024-01-08T12:22:48 IST" duration-ms="16869">
      <class name="demo.DemoIntegration">
        <test-method signature="TestMethod()[pri:0, instance:demo.DemoIntegration@7b36aa0c]" started-at="2024-01-08T12:22:31 IST" name="TestMethod" finished-at="2024-01-08T12:22:48 IST" duration-ms="16823" status="PASS">
          <reporter-output>
          </reporter-output>
        </test-method> <!-- TestMethod -->
      </class> <!-- demo.DemoIntegration -->
    </test> <!-- Default test -->
  </suite> <!-- Default suite -->
</testng-results>
